# JRE version: Java(TM) SE Runtime Environment 18.9 (11.0.7+8) (build 11.0.7+8-LTS)
# Java VM: Java HotSpot(TM) 64-Bit Server VM 18.9 (11.0.7+8-LTS, mixed mode, tiered, compressed oops, g1 gc, windows-amd64)
Heap:
 garbage-first heap   total 260096K, used 19996K [0x0000000702000000, 0x0000000800000000)
  region size 1024K, 7 young (7168K), 3 survivors (3072K)
 Metaspace       used 21024K, capacity 21531K, committed 21884K, reserved 1069056K
  class space    used 2471K, capacity 2691K, committed 2764K, reserved 1048576K
GC Heap History (6 events):
Event: 1.483 GC heap before
{Heap before GC invocations=0 (full 0):
 garbage-first heap   total 260096K, used 13312K [0x0000000702000000, 0x0000000800000000)
  region size 1024K, 14 young (14336K), 0 survivors (0K)
 Metaspace       used 16167K, capacity 16565K, committed 16896K, reserved 1064960K
  class space    used 1763K, capacity 1949K, committed 2048K, reserved 1048576K
}
Event: 1.488 GC heap after
{Heap after GC invocations=1 (full 0):
 garbage-first heap   total 260096K, used 3242K [0x0000000702000000, 0x0000000800000000)
  region size 1024K, 2 young (2048K), 2 survivors (2048K)
 Metaspace       used 16167K, capacity 16565K, committed 16896K, reserved 1064960K
  class space    used 1763K, capacity 1949K, committed 2048K, reserved 1048576K
}
Event: 2.763 GC heap before
{Heap before GC invocations=1 (full 0):
 garbage-first heap   total 260096K, used 22698K [0x0000000702000000, 0x0000000800000000)
  region size 1024K, 12 young (12288K), 2 survivors (2048K)
 Metaspace       used 19207K, capacity 19696K, committed 19840K, reserved 1067008K
  class space    used 2090K, capacity 2313K, committed 2432K, reserved 1048576K
}
Event: 2.768 GC heap after
{Heap after GC invocations=2 (full 0):
 garbage-first heap   total 260096K, used 16065K [0x0000000702000000, 0x0000000800000000)
  region size 1024K, 2 young (2048K), 2 survivors (2048K)
 Metaspace       used 19207K, capacity 19696K, committed 19840K, reserved 1067008K
  class space    used 2090K, capacity 2313K, committed 2432K, reserved 1048576K
}
Event: 2.895 GC heap before
{Heap before GC invocations=2 (full 0):
 garbage-first heap   total 260096K, used 23233K [0x0000000702000000, 0x0000000800000000)
  region size 1024K, 10 young (10240K), 2 survivors (2048K)
 Metaspace       used 20716K, capacity 21178K, committed 21296K, reserved 1069056K
  class space    used 2450K, capacity 2675K, committed 2688K, reserved 1048576K
}
Event: 2.898 GC heap after
{Heap after GC invocations=3 (full 0):
 garbage-first heap   total 260096K, used 16924K [0x0000000702000000, 0x0000000800000000)
  region size 1024K, 3 young (3072K), 3 survivors (3072K)
 Metaspace       used 20716K, capacity 21178K, committed 21296K, reserved 1069056K
  class space    used 2450K, capacity 2675K, committed 2688K, reserved 1048576K
}

