# JRE version: Java(TM) SE Runtime Environment 18.9 (11.0.7+8) (build 11.0.7+8-LTS)
# Java VM: Java HotSpot(TM) 64-Bit Server VM 18.9 (11.0.7+8-LTS, mixed mode, tiered, compressed oops, g1 gc, windows-amd64)
Heap:
 garbage-first heap   total 260096K, used 61095K [0x0000000702000000, 0x0000000800000000)
  region size 1024K, 6 young (6144K), 1 survivors (1024K)
 Metaspace       used 26643K, capacity 27320K, committed 27568K, reserved 1073152K
  class space    used 3072K, capacity 3318K, committed 3328K, reserved 1048576K
GC Heap History (10 events):
Event: 282.202 GC heap before
{Heap before GC invocations=57 (full 0):
 garbage-first heap   total 260096K, used 130683K [0x0000000702000000, 0x0000000800000000)
  region size 1024K, 16 young (16384K), 1 survivors (1024K)
 Metaspace       used 26616K, capacity 27319K, committed 27568K, reserved 1073152K
  class space    used 3072K, capacity 3318K, committed 3328K, reserved 1048576K
}
Event: 282.204 GC heap after
{Heap after GC invocations=58 (full 0):
 garbage-first heap   total 260096K, used 34428K [0x0000000702000000, 0x0000000800000000)
  region size 1024K, 1 young (1024K), 1 survivors (1024K)
 Metaspace       used 26616K, capacity 27319K, committed 27568K, reserved 1073152K
  class space    used 3072K, capacity 3318K, committed 3328K, reserved 1048576K
}
Event: 293.121 GC heap before
{Heap before GC invocations=59 (full 0):
 garbage-first heap   total 260096K, used 133756K [0x0000000702000000, 0x0000000800000000)
  region size 1024K, 19 young (19456K), 1 survivors (1024K)
 Metaspace       used 26627K, capacity 27320K, committed 27568K, reserved 1073152K
  class space    used 3072K, capacity 3318K, committed 3328K, reserved 1048576K
}
Event: 293.122 GC heap after
{Heap after GC invocations=60 (full 0):
 garbage-first heap   total 260096K, used 56995K [0x0000000702000000, 0x0000000800000000)
  region size 1024K, 1 young (1024K), 1 survivors (1024K)
 Metaspace       used 26627K, capacity 27320K, committed 27568K, reserved 1073152K
  class space    used 3072K, capacity 3318K, committed 3328K, reserved 1048576K
}
Event: 301.172 GC heap before
{Heap before GC invocations=61 (full 0):
 garbage-first heap   total 260096K, used 126627K [0x0000000702000000, 0x0000000800000000)
  region size 1024K, 12 young (12288K), 1 survivors (1024K)
 Metaspace       used 26640K, capacity 27320K, committed 27568K, reserved 1073152K
  class space    used 3072K, capacity 3318K, committed 3328K, reserved 1048576K
}
Event: 301.174 GC heap after
{Heap after GC invocations=62 (full 0):
 garbage-first heap   total 260096K, used 32404K [0x0000000702000000, 0x0000000800000000)
  region size 1024K, 1 young (1024K), 1 survivors (1024K)
 Metaspace       used 26640K, capacity 27320K, committed 27568K, reserved 1073152K
  class space    used 3072K, capacity 3318K, committed 3328K, reserved 1048576K
}
Event: 315.969 GC heap before
{Heap before GC invocations=63 (full 0):
 garbage-first heap   total 260096K, used 137876K [0x0000000702000000, 0x0000000800000000)
  region size 1024K, 23 young (23552K), 1 survivors (1024K)
 Metaspace       used 26640K, capacity 27320K, committed 27568K, reserved 1073152K
  class space    used 3072K, capacity 3318K, committed 3328K, reserved 1048576K
}
Event: 315.971 GC heap after
{Heap after GC invocations=64 (full 0):
 garbage-first heap   total 260096K, used 50870K [0x0000000702000000, 0x0000000800000000)
  region size 1024K, 1 young (1024K), 1 survivors (1024K)
 Metaspace       used 26640K, capacity 27320K, committed 27568K, reserved 1073152K
  class space    used 3072K, capacity 3318K, committed 3328K, reserved 1048576K
}
Event: 322.348 GC heap before
{Heap before GC invocations=65 (full 0):
 garbage-first heap   total 260096K, used 125622K [0x0000000702000000, 0x0000000800000000)
  region size 1024K, 11 young (11264K), 1 survivors (1024K)
 Metaspace       used 26641K, capacity 27320K, committed 27568K, reserved 1073152K
  class space    used 3072K, capacity 3318K, committed 3328K, reserved 1048576K
}
Event: 322.349 GC heap after
{Heap after GC invocations=66 (full 0):
 garbage-first heap   total 260096K, used 38567K [0x0000000702000000, 0x0000000800000000)
  region size 1024K, 1 young (1024K), 1 survivors (1024K)
 Metaspace       used 26641K, capacity 27320K, committed 27568K, reserved 1073152K
  class space    used 3072K, capacity 3318K, committed 3328K, reserved 1048576K
}

