# JRE version: Java(TM) SE Runtime Environment 18.9 (11.0.7+8) (build 11.0.7+8-LTS)
# Java VM: Java HotSpot(TM) 64-Bit Server VM 18.9 (11.0.7+8-LTS, mixed mode, tiered, compressed oops, g1 gc, windows-amd64)
Heap:
 garbage-first heap   total 260096K, used 61788K [0x0000000702000000, 0x0000000800000000)
  region size 1024K, 6 young (6144K), 1 survivors (1024K)
 Metaspace       used 26782K, capacity 27501K, committed 27696K, reserved 1073152K
  class space    used 3073K, capacity 3338K, committed 3456K, reserved 1048576K
GC Heap History (10 events):
Event: 101.092 GC heap before
{Heap before GC invocations=15 (full 0):
 garbage-first heap   total 260096K, used 123228K [0x0000000702000000, 0x0000000800000000)
  region size 1024K, 10 young (10240K), 1 survivors (1024K)
 Metaspace       used 26378K, capacity 27040K, committed 27312K, reserved 1073152K
  class space    used 3036K, capacity 3270K, committed 3328K, reserved 1048576K
}
Event: 101.094 GC heap after
{Heap after GC invocations=16 (full 0):
 garbage-first heap   total 260096K, used 67936K [0x0000000702000000, 0x0000000800000000)
  region size 1024K, 1 young (1024K), 1 survivors (1024K)
 Metaspace       used 26378K, capacity 27040K, committed 27312K, reserved 1073152K
  class space    used 3036K, capacity 3270K, committed 3328K, reserved 1048576K
}
Event: 102.007 GC heap before
{Heap before GC invocations=17 (full 0):
 garbage-first heap   total 260096K, used 120160K [0x0000000702000000, 0x0000000800000000)
  region size 1024K, 7 young (7168K), 1 survivors (1024K)
 Metaspace       used 26390K, capacity 27040K, committed 27312K, reserved 1073152K
  class space    used 3036K, capacity 3270K, committed 3328K, reserved 1048576K
}
Event: 102.008 GC heap after
{Heap after GC invocations=18 (full 0):
 garbage-first heap   total 260096K, used 39252K [0x0000000702000000, 0x0000000800000000)
  region size 1024K, 1 young (1024K), 1 survivors (1024K)
 Metaspace       used 26390K, capacity 27040K, committed 27312K, reserved 1073152K
  class space    used 3036K, capacity 3270K, committed 3328K, reserved 1048576K
}
Event: 104.118 GC heap before
{Heap before GC invocations=19 (full 0):
 garbage-first heap   total 260096K, used 122196K [0x0000000702000000, 0x0000000800000000)
  region size 1024K, 9 young (9216K), 1 survivors (1024K)
 Metaspace       used 26424K, capacity 27104K, committed 27312K, reserved 1073152K
  class space    used 3036K, capacity 3270K, committed 3328K, reserved 1048576K
}
Event: 104.120 GC heap after
{Heap after GC invocations=20 (full 0):
 garbage-first heap   total 260096K, used 41301K [0x0000000702000000, 0x0000000800000000)
  region size 1024K, 1 young (1024K), 1 survivors (1024K)
 Metaspace       used 26424K, capacity 27104K, committed 27312K, reserved 1073152K
  class space    used 3036K, capacity 3270K, committed 3328K, reserved 1048576K
}
Event: 107.247 GC heap before
{Heap before GC invocations=21 (full 0):
 garbage-first heap   total 260096K, used 120149K [0x0000000702000000, 0x0000000800000000)
  region size 1024K, 7 young (7168K), 1 survivors (1024K)
 Metaspace       used 26428K, capacity 27105K, committed 27312K, reserved 1073152K
  class space    used 3036K, capacity 3270K, committed 3328K, reserved 1048576K
}
Event: 107.248 GC heap after
{Heap after GC invocations=22 (full 0):
 garbage-first heap   total 260096K, used 37202K [0x0000000702000000, 0x0000000800000000)
  region size 1024K, 1 young (1024K), 1 survivors (1024K)
 Metaspace       used 26428K, capacity 27105K, committed 27312K, reserved 1073152K
  class space    used 3036K, capacity 3270K, committed 3328K, reserved 1048576K
}
Event: 113.776 GC heap before
{Heap before GC invocations=23 (full 0):
 garbage-first heap   total 260096K, used 120146K [0x0000000702000000, 0x0000000800000000)
  region size 1024K, 7 young (7168K), 1 survivors (1024K)
 Metaspace       used 26434K, capacity 27105K, committed 27312K, reserved 1073152K
  class space    used 3036K, capacity 3270K, committed 3328K, reserved 1048576K
}
Event: 113.777 GC heap after
{Heap after GC invocations=24 (full 0):
 garbage-first heap   total 260096K, used 45404K [0x0000000702000000, 0x0000000800000000)
  region size 1024K, 1 young (1024K), 1 survivors (1024K)
 Metaspace       used 26434K, capacity 27105K, committed 27312K, reserved 1073152K
  class space    used 3036K, capacity 3270K, committed 3328K, reserved 1048576K
}

