# JRE version: Java(TM) SE Runtime Environment 18.9 (11.0.7+8) (build 11.0.7+8-LTS)
# Java VM: Java HotSpot(TM) 64-Bit Server VM 18.9 (11.0.7+8-LTS, mixed mode, tiered, compressed oops, g1 gc, windows-amd64)
Heap:
 garbage-first heap   total 260096K, used 57784K [0x0000000702000000, 0x0000000800000000)
  region size 1024K, 7 young (7168K), 5 survivors (5120K)
 Metaspace       used 26093K, capacity 26750K, committed 27056K, reserved 1073152K
  class space    used 3022K, capacity 3255K, committed 3328K, reserved 1048576K
GC Heap History (10 events):
Event: 811.943 GC heap before
{Heap before GC invocations=15 (full 0):
 garbage-first heap   total 260096K, used 120222K [0x0000000702000000, 0x0000000800000000)
  region size 1024K, 8 young (8192K), 5 survivors (5120K)
 Metaspace       used 25972K, capacity 26622K, committed 26800K, reserved 1073152K
  class space    used 3022K, capacity 3255K, committed 3328K, reserved 1048576K
}
Event: 811.948 GC heap after
{Heap after GC invocations=16 (full 0):
 garbage-first heap   total 260096K, used 58412K [0x0000000702000000, 0x0000000800000000)
  region size 1024K, 4 young (4096K), 4 survivors (4096K)
 Metaspace       used 25972K, capacity 26622K, committed 26800K, reserved 1073152K
  class space    used 3022K, capacity 3255K, committed 3328K, reserved 1048576K
}
Event: 817.456 GC heap before
{Heap before GC invocations=17 (full 0):
 garbage-first heap   total 260096K, used 122924K [0x0000000702000000, 0x0000000800000000)
  region size 1024K, 8 young (8192K), 4 survivors (4096K)
 Metaspace       used 25978K, capacity 26622K, committed 26800K, reserved 1073152K
  class space    used 3022K, capacity 3255K, committed 3328K, reserved 1048576K
}
Event: 817.461 GC heap after
{Heap after GC invocations=18 (full 0):
 garbage-first heap   total 260096K, used 64556K [0x0000000702000000, 0x0000000800000000)
  region size 1024K, 4 young (4096K), 4 survivors (4096K)
 Metaspace       used 25978K, capacity 26622K, committed 26800K, reserved 1073152K
  class space    used 3022K, capacity 3255K, committed 3328K, reserved 1048576K
}
Event: 861.931 GC heap before
{Heap before GC invocations=19 (full 0):
 garbage-first heap   total 260096K, used 127020K [0x0000000702000000, 0x0000000800000000)
  region size 1024K, 12 young (12288K), 4 survivors (4096K)
 Metaspace       used 26035K, capacity 26686K, committed 26800K, reserved 1073152K
  class space    used 3022K, capacity 3255K, committed 3328K, reserved 1048576K
}
Event: 861.958 GC heap after
{Heap after GC invocations=20 (full 0):
 garbage-first heap   total 260096K, used 56758K [0x0000000702000000, 0x0000000800000000)
  region size 1024K, 5 young (5120K), 5 survivors (5120K)
 Metaspace       used 26035K, capacity 26686K, committed 26800K, reserved 1073152K
  class space    used 3022K, capacity 3255K, committed 3328K, reserved 1048576K
}
Event: 918.610 GC heap before
{Heap before GC invocations=21 (full 0):
 garbage-first heap   total 260096K, used 122294K [0x0000000702000000, 0x0000000800000000)
  region size 1024K, 10 young (10240K), 5 survivors (5120K)
 Metaspace       used 26065K, capacity 26686K, committed 26800K, reserved 1073152K
  class space    used 3022K, capacity 3255K, committed 3328K, reserved 1048576K
}
Event: 918.633 GC heap after
{Heap after GC invocations=22 (full 0):
 garbage-first heap   total 260096K, used 60658K [0x0000000702000000, 0x0000000800000000)
  region size 1024K, 5 young (5120K), 5 survivors (5120K)
 Metaspace       used 26065K, capacity 26686K, committed 26800K, reserved 1073152K
  class space    used 3022K, capacity 3255K, committed 3328K, reserved 1048576K
}
Event: 1108.241 GC heap before
{Heap before GC invocations=23 (full 0):
 garbage-first heap   total 260096K, used 125170K [0x0000000702000000, 0x0000000800000000)
  region size 1024K, 11 young (11264K), 5 survivors (5120K)
 Metaspace       used 26085K, capacity 26750K, committed 27056K, reserved 1073152K
  class space    used 3022K, capacity 3255K, committed 3328K, reserved 1048576K
}
Event: 1108.250 GC heap after
{Heap after GC invocations=24 (full 0):
 garbage-first heap   total 260096K, used 48568K [0x0000000702000000, 0x0000000800000000)
  region size 1024K, 5 young (5120K), 5 survivors (5120K)
 Metaspace       used 26085K, capacity 26750K, committed 27056K, reserved 1073152K
  class space    used 3022K, capacity 3255K, committed 3328K, reserved 1048576K
}

