# JRE version: Java(TM) SE Runtime Environment 18.9 (11.0.7+8) (build 11.0.7+8-LTS)
# Java VM: Java HotSpot(TM) 64-Bit Server VM 18.9 (11.0.7+8-LTS, mixed mode, tiered, compressed oops, g1 gc, windows-amd64)
Heap:
 garbage-first heap   total 260096K, used 107424K [0x0000000702000000, 0x0000000800000000)
  region size 1024K, 30 young (30720K), 1 survivors (1024K)
 Metaspace       used 30925K, capacity 31691K, committed 31920K, reserved 1077248K
  class space    used 3455K, capacity 3744K, committed 3840K, reserved 1048576K
GC Heap History (10 events):
Event: 1752.277 GC heap before
{Heap before GC invocations=1063 (full 0):
 garbage-first heap   total 260096K, used 141211K [0x0000000702000000, 0x0000000800000000)
  region size 1024K, 15 young (15360K), 1 survivors (1024K)
 Metaspace       used 30900K, capacity 31691K, committed 31920K, reserved 1077248K
  class space    used 3455K, capacity 3744K, committed 3840K, reserved 1048576K
}
Event: 1752.278 GC heap after
{Heap after GC invocations=1064 (full 0):
 garbage-first heap   total 260096K, used 115615K [0x0000000702000000, 0x0000000800000000)
  region size 1024K, 1 young (1024K), 1 survivors (1024K)
 Metaspace       used 30900K, capacity 31691K, committed 31920K, reserved 1077248K
  class space    used 3455K, capacity 3744K, committed 3840K, reserved 1048576K
}
Event: 1752.445 GC heap before
{Heap before GC invocations=1065 (full 0):
 garbage-first heap   total 260096K, used 135071K [0x0000000702000000, 0x0000000800000000)
  region size 1024K, 15 young (15360K), 1 survivors (1024K)
 Metaspace       used 30904K, capacity 31691K, committed 31920K, reserved 1077248K
  class space    used 3455K, capacity 3744K, committed 3840K, reserved 1048576K
}
Event: 1752.446 GC heap after
{Heap after GC invocations=1066 (full 0):
 garbage-first heap   total 260096K, used 109469K [0x0000000702000000, 0x0000000800000000)
  region size 1024K, 1 young (1024K), 1 survivors (1024K)
 Metaspace       used 30904K, capacity 31691K, committed 31920K, reserved 1077248K
  class space    used 3455K, capacity 3744K, committed 3840K, reserved 1048576K
}
Event: 1752.574 GC heap before
{Heap before GC invocations=1067 (full 0):
 garbage-first heap   total 260096K, used 128925K [0x0000000702000000, 0x0000000800000000)
  region size 1024K, 15 young (15360K), 1 survivors (1024K)
 Metaspace       used 30905K, capacity 31691K, committed 31920K, reserved 1077248K
  class space    used 3455K, capacity 3744K, committed 3840K, reserved 1048576K
}
Event: 1752.575 GC heap after
{Heap after GC invocations=1068 (full 0):
 garbage-first heap   total 260096K, used 103330K [0x0000000702000000, 0x0000000800000000)
  region size 1024K, 1 young (1024K), 1 survivors (1024K)
 Metaspace       used 30905K, capacity 31691K, committed 31920K, reserved 1077248K
  class space    used 3455K, capacity 3744K, committed 3840K, reserved 1048576K
}
Event: 1752.845 GC heap before
{Heap before GC invocations=1069 (full 0):
 garbage-first heap   total 260096K, used 142242K [0x0000000702000000, 0x0000000800000000)
  region size 1024K, 28 young (28672K), 1 survivors (1024K)
 Metaspace       used 30907K, capacity 31691K, committed 31920K, reserved 1077248K
  class space    used 3455K, capacity 3744K, committed 3840K, reserved 1048576K
}
Event: 1752.846 GC heap after
{Heap after GC invocations=1070 (full 0):
 garbage-first heap   total 260096K, used 91040K [0x0000000702000000, 0x0000000800000000)
  region size 1024K, 1 young (1024K), 1 survivors (1024K)
 Metaspace       used 30907K, capacity 31691K, committed 31920K, reserved 1077248K
  class space    used 3455K, capacity 3744K, committed 3840K, reserved 1048576K
}
Event: 1753.409 GC heap before
{Heap before GC invocations=1071 (full 0):
 garbage-first heap   total 260096K, used 167840K [0x0000000702000000, 0x0000000800000000)
  region size 1024K, 53 young (54272K), 1 survivors (1024K)
 Metaspace       used 30913K, capacity 31691K, committed 31920K, reserved 1077248K
  class space    used 3455K, capacity 3744K, committed 3840K, reserved 1048576K
}
Event: 1753.411 GC heap after
{Heap after GC invocations=1072 (full 0):
 garbage-first heap   total 260096K, used 66464K [0x0000000702000000, 0x0000000800000000)
  region size 1024K, 1 young (1024K), 1 survivors (1024K)
 Metaspace       used 30913K, capacity 31691K, committed 31920K, reserved 1077248K
  class space    used 3455K, capacity 3744K, committed 3840K, reserved 1048576K
}

